<?xml version="1.0" encoding="UTF-8"?>
<!-- Generated by org.testng.reporters.JUnitReportReporter -->
<testsuite hostname="CTAADPG038QHT" failures="0" tests="1" name="testcases.YatraTestCases" time="56.616" errors="0" timestamp="2023-12-09T11:45:40 IST" skipped="0">
  <testcase classname="testcases.YatraTestCases" name="yatraTestCase" time="56.616">
    <system-out>
      <![CDATA[Offers Link clicked successfully
BannerLogo Validation is passed
BrowserTitle Validation is passed
PackageNames with prices passed successfully
captured snapshots successfully]]>
    </system-out>
  </testcase> <!-- yatraTestCase -->
  <system-out>
    <![CDATA[Offers Link clicked successfully
BannerLogo Validation is passed
BrowserTitle Validation is passed
PackageNames with prices passed successfully
captured snapshots successfully]]>
  </system-out>
</testsuite> <!-- testcases.YatraTestCases -->
